<?xml version="1.0" encoding="UTF-8"?>
<testsuite xmlns:xsi="http://www.w3.org/2001/XMLSchema-instance" xsi:noNamespaceSchemaLocation="https://maven.apache.org/surefire/maven-surefire-plugin/xsd/surefire-test-report.xsd" name="runner.etsy.EtsyRunner" time="26.155" tests="6" errors="1" skipped="0" failures="0">
  <properties>
[...]
</properties>
  <testcase name="Etsy Search Validation #1" classname="Etsy Search With Scenario Outline" time="8.433"/>
  <testcase name="Etsy Search Validation #2" classname="Etsy Search With Scenario Outline" time="3.787"/>
  <testcase name="Etsy Search Validation #3" classname="Etsy Search With Scenario Outline" time="2.921"/>
  <testcase name="Validation of New Product Creation #2" classname="Validation of Products Page" time="1.99"/>
  <testcase name="Validation of New Product Creation #3" classname="Validation of Products Page" time="6.463">
    <error message="no such element: Unable to locate element: {&quot;method&quot;:&quot;css selector&quot;,&quot;selector&quot;:&quot;#ctl00_MainContent_fmwOrder_ddlProduct&quot;}&#10;  (Session info: chrome=89.0.4389.82)&#10;For documentation on this error, please visit: https://www.seleniumhq.org/exceptions/no_such_element.html&#10;Build info: version: &apos;3.141.59&apos;, revision: &apos;e82be7d358&apos;, time: &apos;2018-11-14T08:17:03&apos;&#10;System info: host: &apos;Colpons-MacBook-Pro.local&apos;, ip: &apos;fe80:0:0:0:1cc2:3fe9:7461:7a31%en0&apos;, os.name: &apos;Mac OS X&apos;, os.arch: &apos;x86_64&apos;, os.version: &apos;10.15.6&apos;, java.version: &apos;15.0.2&apos;&#10;Driver info: org.openqa.selenium.chrome.ChromeDriver&#10;Capabilities {acceptInsecureCerts: false, browserName: chrome, browserVersion: 89.0.4389.82, chrome: {chromedriverVersion: 89.0.4389.23 (61b08ee2c5002..., userDataDir: /var/folders/zb/n0n4ykbn5rb...}, goog:chromeOptions: {debuggerAddress: localhost:50000}, javascriptEnabled: true, networkConnectionEnabled: false, pageLoadStrategy: normal, platform: MAC, platformName: MAC, proxy: Proxy(), setWindowRect: true, strictFileInteractability: false, timeouts: {implicit: 0, pageLoad: 300000, script: 30000}, unhandledPromptBehavior: dismiss and notify, webauthn:extension:largeBlob: true, webauthn:virtualAuthenticators: true}&#10;Session ID: 66ca6a79c99920f095007c6fcee17942&#10;*** Element info: {Using=id, value=ctl00_MainContent_fmwOrder_ddlProduct}" type="org.openqa.selenium.NoSuchElementException">org.openqa.selenium.NoSuchElementException: 
no such element: Unable to locate element: {"method":"css selector","selector":"#ctl00_MainContent_fmwOrder_ddlProduct"}
  (Session info: chrome=89.0.4389.82)
For documentation on this error, please visit: https://www.seleniumhq.org/exceptions/no_such_element.html
Build info: version: '3.141.59', revision: 'e82be7d358', time: '2018-11-14T08:17:03'
System info: host: 'Colpons-MacBook-Pro.local', ip: 'fe80:0:0:0:1cc2:3fe9:7461:7a31%en0', os.name: 'Mac OS X', os.arch: 'x86_64', os.version: '10.15.6', java.version: '15.0.2'
Driver info: org.openqa.selenium.chrome.ChromeDriver
Capabilities {acceptInsecureCerts: false, browserName: chrome, browserVersion: 89.0.4389.82, chrome: {chromedriverVersion: 89.0.4389.23 (61b08ee2c5002..., userDataDir: /var/folders/zb/n0n4ykbn5rb...}, goog:chromeOptions: {debuggerAddress: localhost:50000}, javascriptEnabled: true, networkConnectionEnabled: false, pageLoadStrategy: normal, platform: MAC, platformName: MAC, proxy: Proxy(), setWindowRect: true, strictFileInteractability: false, timeouts: {implicit: 0, pageLoad: 300000, script: 30000}, unhandledPromptBehavior: dismiss and notify, webauthn:extension:largeBlob: true, webauthn:virtualAuthenticators: true}
Session ID: 66ca6a79c99920f095007c6fcee17942
*** Element info: {Using=id, value=ctl00_MainContent_fmwOrder_ddlProduct}
</error>
    <system-out><![CDATA[Hook- Before annotation
Before annotation
before each step
after each step
before each step
after each step
After annotation
Hook -After annotation
]]></system-out>
  </testcase>
  <testcase name="Validation of New Product Creation #4" classname="Validation of Products Page" time="2.252"/>
</testsuite>